[0.010s] Invoking command in '/home/aaditi/ros2_ws/build/sensor_gui': CMAKE_PREFIX_PATH=${CMAKE_PREFIX_PATH}:/opt/ros/jazzy DEBUGINFOD_URLS=https://debuginfod.ubuntu.com /usr/bin/cmake /home/aaditi/ros2_ws/src/sensor_gui -DCMAKE_INSTALL_PREFIX=/home/aaditi/ros2_ws/install/sensor_gui
[0.064s] -- The C compiler identification is GNU 13.3.0
[0.119s] -- The CXX compiler identification is GNU 13.3.0
[0.133s] -- Detecting C compiler ABI info
[0.220s] -- Detecting C compiler ABI info - done
[0.231s] -- Check for working C compiler: /usr/bin/cc - skipped
[0.231s] -- Detecting C compile features
[0.231s] -- Detecting C compile features - done
[0.243s] -- Detecting CXX compiler ABI info
[0.365s] -- Detecting CXX compiler ABI info - done
[0.377s] -- Check for working CXX compiler: /usr/bin/c++ - skipped
[0.377s] -- Detecting CXX compile features
[0.378s] -- Detecting CXX compile features - done
[0.380s] -- Found ament_cmake: 2.5.3 (/opt/ros/jazzy/share/ament_cmake/cmake)
[0.542s] -- Found Python3: /usr/bin/python3 (found version "3.12.3") found components: Interpreter 
[0.775s] -- Configuring done (0.8s)
[0.777s] -- Generating done (0.0s)
[0.779s] -- Build files have been written to: /home/aaditi/ros2_ws/build/sensor_gui
[0.783s] Invoked command in '/home/aaditi/ros2_ws/build/sensor_gui' returned '0': CMAKE_PREFIX_PATH=${CMAKE_PREFIX_PATH}:/opt/ros/jazzy DEBUGINFOD_URLS=https://debuginfod.ubuntu.com /usr/bin/cmake /home/aaditi/ros2_ws/src/sensor_gui -DCMAKE_INSTALL_PREFIX=/home/aaditi/ros2_ws/install/sensor_gui
[0.786s] Invoking command in '/home/aaditi/ros2_ws/build/sensor_gui': CMAKE_PREFIX_PATH=${CMAKE_PREFIX_PATH}:/opt/ros/jazzy DEBUGINFOD_URLS=https://debuginfod.ubuntu.com /usr/bin/cmake --build /home/aaditi/ros2_ws/build/sensor_gui -- -j4 -l4
[0.826s] Invoked command in '/home/aaditi/ros2_ws/build/sensor_gui' returned '0': CMAKE_PREFIX_PATH=${CMAKE_PREFIX_PATH}:/opt/ros/jazzy DEBUGINFOD_URLS=https://debuginfod.ubuntu.com /usr/bin/cmake --build /home/aaditi/ros2_ws/build/sensor_gui -- -j4 -l4
[0.835s] Invoking command in '/home/aaditi/ros2_ws/build/sensor_gui': CMAKE_PREFIX_PATH=${CMAKE_PREFIX_PATH}:/opt/ros/jazzy DEBUGINFOD_URLS=https://debuginfod.ubuntu.com /usr/bin/cmake --install /home/aaditi/ros2_ws/build/sensor_gui
[0.844s] -- Install configuration: ""
[0.844s] -- Installing: /home/aaditi/ros2_ws/install/sensor_gui/share/ament_index/resource_index/package_run_dependencies/sensor_gui
[0.844s] -- Installing: /home/aaditi/ros2_ws/install/sensor_gui/share/ament_index/resource_index/parent_prefix_path/sensor_gui
[0.845s] -- Installing: /home/aaditi/ros2_ws/install/sensor_gui/share/sensor_gui/environment/ament_prefix_path.sh
[0.845s] -- Installing: /home/aaditi/ros2_ws/install/sensor_gui/share/sensor_gui/environment/ament_prefix_path.dsv
[0.845s] -- Installing: /home/aaditi/ros2_ws/install/sensor_gui/share/sensor_gui/environment/path.sh
[0.845s] -- Installing: /home/aaditi/ros2_ws/install/sensor_gui/share/sensor_gui/environment/path.dsv
[0.845s] -- Installing: /home/aaditi/ros2_ws/install/sensor_gui/share/sensor_gui/local_setup.bash
[0.845s] -- Installing: /home/aaditi/ros2_ws/install/sensor_gui/share/sensor_gui/local_setup.sh
[0.846s] -- Installing: /home/aaditi/ros2_ws/install/sensor_gui/share/sensor_gui/local_setup.zsh
[0.846s] -- Installing: /home/aaditi/ros2_ws/install/sensor_gui/share/sensor_gui/local_setup.dsv
[0.846s] -- Installing: /home/aaditi/ros2_ws/install/sensor_gui/share/sensor_gui/package.dsv
[0.846s] -- Installing: /home/aaditi/ros2_ws/install/sensor_gui/share/ament_index/resource_index/packages/sensor_gui
[0.846s] -- Installing: /home/aaditi/ros2_ws/install/sensor_gui/share/sensor_gui/cmake/sensor_guiConfig.cmake
[0.846s] -- Installing: /home/aaditi/ros2_ws/install/sensor_gui/share/sensor_gui/cmake/sensor_guiConfig-version.cmake
[0.846s] -- Installing: /home/aaditi/ros2_ws/install/sensor_gui/share/sensor_gui/package.xml
[0.849s] Invoked command in '/home/aaditi/ros2_ws/build/sensor_gui' returned '0': CMAKE_PREFIX_PATH=${CMAKE_PREFIX_PATH}:/opt/ros/jazzy DEBUGINFOD_URLS=https://debuginfod.ubuntu.com /usr/bin/cmake --install /home/aaditi/ros2_ws/build/sensor_gui
