[0.012s] Invoking command in '/home/aaditi/ros2_ws/build/sensor_gui': CMAKE_PREFIX_PATH=${CMAKE_PREFIX_PATH}:/opt/ros/jazzy DEBUGINFOD_URLS=https://debuginfod.ubuntu.com /usr/bin/cmake --build /home/aaditi/ros2_ws/build/sensor_gui -- -j4 -l4
[0.048s] Invoked command in '/home/aaditi/ros2_ws/build/sensor_gui' returned '0': CMAKE_PREFIX_PATH=${CMAKE_PREFIX_PATH}:/opt/ros/jazzy DEBUGINFOD_URLS=https://debuginfod.ubuntu.com /usr/bin/cmake --build /home/aaditi/ros2_ws/build/sensor_gui -- -j4 -l4
[0.056s] Invoking command in '/home/aaditi/ros2_ws/build/sensor_gui': CMAKE_PREFIX_PATH=${CMAKE_PREFIX_PATH}:/opt/ros/jazzy DEBUGINFOD_URLS=https://debuginfod.ubuntu.com /usr/bin/cmake --install /home/aaditi/ros2_ws/build/sensor_gui
[0.065s] -- Install configuration: ""
[0.065s] -- Up-to-date: /home/aaditi/ros2_ws/install/sensor_gui/share/ament_index/resource_index/package_run_dependencies/sensor_gui
[0.065s] -- Up-to-date: /home/aaditi/ros2_ws/install/sensor_gui/share/ament_index/resource_index/parent_prefix_path/sensor_gui
[0.065s] -- Up-to-date: /home/aaditi/ros2_ws/install/sensor_gui/share/sensor_gui/environment/ament_prefix_path.sh
[0.065s] -- Up-to-date: /home/aaditi/ros2_ws/install/sensor_gui/share/sensor_gui/environment/ament_prefix_path.dsv
[0.065s] -- Up-to-date: /home/aaditi/ros2_ws/install/sensor_gui/share/sensor_gui/environment/path.sh
[0.065s] -- Up-to-date: /home/aaditi/ros2_ws/install/sensor_gui/share/sensor_gui/environment/path.dsv
[0.066s] -- Up-to-date: /home/aaditi/ros2_ws/install/sensor_gui/share/sensor_gui/local_setup.bash
[0.066s] -- Up-to-date: /home/aaditi/ros2_ws/install/sensor_gui/share/sensor_gui/local_setup.sh
[0.066s] -- Up-to-date: /home/aaditi/ros2_ws/install/sensor_gui/share/sensor_gui/local_setup.zsh
[0.066s] -- Up-to-date: /home/aaditi/ros2_ws/install/sensor_gui/share/sensor_gui/local_setup.dsv
[0.066s] -- Installing: /home/aaditi/ros2_ws/install/sensor_gui/share/sensor_gui/package.dsv
[0.066s] -- Up-to-date: /home/aaditi/ros2_ws/install/sensor_gui/share/ament_index/resource_index/packages/sensor_gui
[0.066s] -- Up-to-date: /home/aaditi/ros2_ws/install/sensor_gui/share/sensor_gui/cmake/sensor_guiConfig.cmake
[0.066s] -- Up-to-date: /home/aaditi/ros2_ws/install/sensor_gui/share/sensor_gui/cmake/sensor_guiConfig-version.cmake
[0.066s] -- Up-to-date: /home/aaditi/ros2_ws/install/sensor_gui/share/sensor_gui/package.xml
[0.067s] Invoked command in '/home/aaditi/ros2_ws/build/sensor_gui' returned '0': CMAKE_PREFIX_PATH=${CMAKE_PREFIX_PATH}:/opt/ros/jazzy DEBUGINFOD_URLS=https://debuginfod.ubuntu.com /usr/bin/cmake --install /home/aaditi/ros2_ws/build/sensor_gui
